<?xml version="1.0" encoding="UTF-8"?>
<!-- Generated by org.testng.reporters.JUnitReportReporter -->
<testsuite hostname="Doconlines-Mac-mini.local" name="Scenario_Component.Scenario_Dashboard" tests="1" failures="0" timestamp="23 Apr 2019 09:10:56 GMT" time="71.495" errors="0">
  <testcase name="testUser_Dashboard_UI" time="71.495" classname="Scenario_Component.Scenario_Dashboard"/>
</testsuite> <!-- Scenario_Component.Scenario_Dashboard -->
