<?xml version="1.0" encoding="UTF-8"?>
<!-- Generated by org.testng.reporters.JUnitReportReporter -->
<testsuite hostname="Doconlines-Mac-mini.local" name="Scenario_Component.Scenario_BookConsultation" tests="1" failures="0" timestamp="23 Apr 2019 09:10:40 GMT" time="71.139" errors="0">
  <testcase name="testUser_BookConsultation_UI" time="71.139" classname="Scenario_Component.Scenario_BookConsultation"/>
</testsuite> <!-- Scenario_Component.Scenario_BookConsultation -->
