<?xml version="1.0" encoding="UTF-8"?>
<!-- Generated by org.testng.reporters.JUnitReportReporter -->
<testsuite hostname="Doconlines-Mac-mini.local" name="Scenario_Component.Scenario_CheckURLs" tests="1" failures="0" timestamp="23 Apr 2019 09:10:46 GMT" time="40.417" errors="0">
  <testcase name="testurl_User" time="40.417" classname="Scenario_Component.Scenario_CheckURLs"/>
</testsuite> <!-- Scenario_Component.Scenario_CheckURLs -->
