<?xml version="1.0" encoding="UTF-8"?>
<!-- Generated by org.testng.reporters.JUnitReportReporter -->
<testsuite hostname="Doconlines-Mac-mini.local" name="Scenario_Component.Scenario_BookConsultation_Functionality" tests="72" failures="0" timestamp="23 Apr 2019 09:11:02 GMT" time="10403.742" errors="0">
  <testcase name="testUser_BookConsultation_waiting_video_allow_doctor_note" time="164.537" classname="Scenario_Component.Scenario_BookConsultation_Functionality"/>
  <testcase name="testUser_BookConsultation_waiting_audio_telephone_lang" time="153.754" classname="Scenario_Component.Scenario_BookConsultation_Functionality"/>
  <testcase name="testUser_BookConsultation_schedule_video_lang_file" time="151.590" classname="Scenario_Component.Scenario_BookConsultation_Functionality"/>
  <testcase name="testUser_BookConsultation_schedule_video_allowdoctor" time="156.683" classname="Scenario_Component.Scenario_BookConsultation_Functionality"/>
  <testcase name="testUser_BookConsultation_schedule_audio_lang_file_note" time="199.550" classname="Scenario_Component.Scenario_BookConsultation_Functionality"/>
  <testcase name="testUser_BookConsultation_schedule_audio_lang_note" time="163.796" classname="Scenario_Component.Scenario_BookConsultation_Functionality"/>
  <testcase name="testUser_BookConsultation_schedule_audio" time="112.321" classname="Scenario_Component.Scenario_BookConsultation_Functionality"/>
  <testcase name="testUser_BookConsultation_waiting_audio_lang" time="145.048" classname="Scenario_Component.Scenario_BookConsultation_Functionality"/>
  <testcase name="testUser_BookConsultation_schedule_video_lang" time="142.653" classname="Scenario_Component.Scenario_BookConsultation_Functionality"/>
  <testcase name="testUser_BookConsultation_schedule_file_audio" time="119.521" classname="Scenario_Component.Scenario_BookConsultation_Functionality"/>
  <testcase name="testUser_BookConsultation_schedule_audio_lang_file" time="145.911" classname="Scenario_Component.Scenario_BookConsultation_Functionality"/>
  <testcase name="testUser_BookConsultation_waiting_audio_telephone_allow_doctor_note" time="155.499" classname="Scenario_Component.Scenario_BookConsultation_Functionality"/>
  <testcase name="testUser_BookConsultation_uploadfile" time="98.132" classname="Scenario_Component.Scenario_BookConsultation_Functionality"/>
  <testcase name="testUser_BookConsultation_waitingtime_upload" time="93.539" classname="Scenario_Component.Scenario_BookConsultation_Functionality"/>
  <testcase name="testUser_BookConsultation_waiting_audio_lang_file" time="153.259" classname="Scenario_Component.Scenario_BookConsultation_Functionality"/>
  <testcase name="testUser_BookConsultation_waiting_audio_telephone_allow_doctor_file" time="149.618" classname="Scenario_Component.Scenario_BookConsultation_Functionality"/>
  <testcase name="testUser_BookConsultation_waitingtime_notes" time="86.817" classname="Scenario_Component.Scenario_BookConsultation_Functionality"/>
  <testcase name="testUser_BookConsultation_waiting_audio_telephone_lang_file" time="149.814" classname="Scenario_Component.Scenario_BookConsultation_Functionality"/>
  <testcase name="testUser_BookConsultation_waiting_file_audio" time="121.981" classname="Scenario_Component.Scenario_BookConsultation_Functionality"/>
  <testcase name="testUser_BookConsultation_waiting_note_audio" time="123.108" classname="Scenario_Component.Scenario_BookConsultation_Functionality"/>
  <testcase name="testUser_BookConsultation_waitingtime_note_upload" time="106.563" classname="Scenario_Component.Scenario_BookConsultation_Functionality"/>
  <testcase name="testUser_BookConsultation_waiting_audio_allow_doctor_file_note" time="157.649" classname="Scenario_Component.Scenario_BookConsultation_Functionality"/>
  <testcase name="testUser_BookConsultation_schedule_audio_telephone_allow_doctor_file" time="155.635" classname="Scenario_Component.Scenario_BookConsultation_Functionality"/>
  <testcase name="testUser_BookConsultation_schedule_audio_telephone_lang_note" time="170.537" classname="Scenario_Component.Scenario_BookConsultation_Functionality"/>
  <testcase name="testUser_BookConsultation_waiting_audio_allow_doctor" time="148.272" classname="Scenario_Component.Scenario_BookConsultation_Functionality"/>
  <testcase name="testUser_BookConsultation_waiting_note_file_audio" time="129.973" classname="Scenario_Component.Scenario_BookConsultation_Functionality"/>
  <testcase name="testUser_BookConsultation_schedule_telephone_audio" time="132.926" classname="Scenario_Component.Scenario_BookConsultation_Functionality"/>
  <testcase name="testUser_BookConsultation_waiting_video_lang" time="135.614" classname="Scenario_Component.Scenario_BookConsultation_Functionality"/>
  <testcase name="testUser_BookConsultation_waitingtime" time="84.710" classname="Scenario_Component.Scenario_BookConsultation_Functionality"/>
  <testcase name="testUser_BookConsultation_waiting_telephone_audio" time="122.170" classname="Scenario_Component.Scenario_BookConsultation_Functionality"/>
  <testcase name="testUser_BookConsultation_schedule_audio_allow_doctor_note" time="152.910" classname="Scenario_Component.Scenario_BookConsultation_Functionality"/>
  <testcase name="testUser_BookConsultation_schedule_video_allow_doctor_file_note" time="179.008" classname="Scenario_Component.Scenario_BookConsultation_Functionality"/>
  <testcase name="testUser_BookConsultation_waiting_audio_telephone_allow_doctor" time="143.746" classname="Scenario_Component.Scenario_BookConsultation_Functionality"/>
  <testcase name="testUser_BookConsultation_schedule_note_audio" time="124.206" classname="Scenario_Component.Scenario_BookConsultation_Functionality"/>
  <testcase name="testUser_BookConsultation_waiting_video_lang_note" time="144.741" classname="Scenario_Component.Scenario_BookConsultation_Functionality"/>
  <testcase name="testUser_BookConsultation_schedule" time="97.804" classname="Scenario_Component.Scenario_BookConsultation_Functionality"/>
  <testcase name="testUser_BookConsultation_waiting_video_allow_doctor" time="162.924" classname="Scenario_Component.Scenario_BookConsultation_Functionality"/>
  <testcase name="testUser_BookConsultation_waiting_audio_telephone_lang_note" time="173.469" classname="Scenario_Component.Scenario_BookConsultation_Functionality"/>
  <testcase name="testUser_BookConsultation_schedule_audio_allow_doctor_file" time="158.172" classname="Scenario_Component.Scenario_BookConsultation_Functionality"/>
  <testcase name="testUser_BookConsultation_schedule_audio_telephone_allow_doctor_file_note" time="154.506" classname="Scenario_Component.Scenario_BookConsultation_Functionality"/>
  <testcase name="testUser_BookConsultation_schedule_audio_allow_doctor_file_note" time="166.718" classname="Scenario_Component.Scenario_BookConsultation_Functionality"/>
  <testcase name="testUser_BookConsultation_waiting_telephone_audio_File_Note" time="149.682" classname="Scenario_Component.Scenario_BookConsultation_Functionality"/>
  <testcase name="testUser_BookConsultation_schedule_audio_telephone_lang" time="157.029" classname="Scenario_Component.Scenario_BookConsultation_Functionality"/>
  <testcase name="testUser_BookConsultation_waiting_video_lang_file_note" time="153.081" classname="Scenario_Component.Scenario_BookConsultation_Functionality"/>
  <testcase name="testUser_BookConsultation_schedule_note_upload" time="104.693" classname="Scenario_Component.Scenario_BookConsultation_Functionality"/>
  <testcase name="testUser_BookConsultation_waiting_audio_allow_doctor_note" time="154.891" classname="Scenario_Component.Scenario_BookConsultation_Functionality"/>
  <testcase name="testUser_BookConsultation_waiting_telephone_audio_Notes" time="136.116" classname="Scenario_Component.Scenario_BookConsultation_Functionality"/>
  <testcase name="testUser_BookConsultation_waiting_audio_telephone_allow_doctor_file_note" time="162.049" classname="Scenario_Component.Scenario_BookConsultation_Functionality"/>
  <testcase name="testUser_BookConsultation_waiting_video_allow_doctor_file_note" time="158.010" classname="Scenario_Component.Scenario_BookConsultation_Functionality"/>
  <testcase name="testUser_BookConsultation_schedule_audio_telephone_allow_doctor_note" time="162.933" classname="Scenario_Component.Scenario_BookConsultation_Functionality"/>
  <testcase name="testUser_BookConsultation_Functionality" time="86.344" classname="Scenario_Component.Scenario_BookConsultation_Functionality"/>
  <testcase name="testUser_BookConsultation_schedule_video_lang_note" time="152.135" classname="Scenario_Component.Scenario_BookConsultation_Functionality"/>
  <testcase name="testUser_BookConsultation_schedule_video_lang_file_note" time="157.813" classname="Scenario_Component.Scenario_BookConsultation_Functionality"/>
  <testcase name="testUser_BookConsultation_schedule_audio_telephone_allow_doctor" time="144.750" classname="Scenario_Component.Scenario_BookConsultation_Functionality"/>
  <testcase name="testUser_BookConsultation_schedule_audio_lang" time="156.731" classname="Scenario_Component.Scenario_BookConsultation_Functionality"/>
  <testcase name="testUser_BookConsultation_waiting_telephone_audio_File" time="127.575" classname="Scenario_Component.Scenario_BookConsultation_Functionality"/>
  <testcase name="testUser_BookConsultation_schedule_video_allow_doctor_note" time="184.964" classname="Scenario_Component.Scenario_BookConsultation_Functionality"/>
  <testcase name="testUser_BookConsultation_schedule_audio_allow_doctor" time="163.500" classname="Scenario_Component.Scenario_BookConsultation_Functionality"/>
  <testcase name="testUser_BookConsultation_waiting_audio" time="112.492" classname="Scenario_Component.Scenario_BookConsultation_Functionality"/>
  <testcase name="testUser_BookConsultation_waiting_audio_allow_doctor_file" time="152.082" classname="Scenario_Component.Scenario_BookConsultation_Functionality"/>
  <testcase name="testUser_BookConsultation_schedule_video_allow_doctor_file" time="164.015" classname="Scenario_Component.Scenario_BookConsultation_Functionality"/>
  <testcase name="testUser_BookConsultation_waiting_audio_lang_file_note" time="164.987" classname="Scenario_Component.Scenario_BookConsultation_Functionality"/>
  <testcase name="testUser_BookConsultation_schedule_file_note_audio" time="125.870" classname="Scenario_Component.Scenario_BookConsultation_Functionality"/>
  <testcase name="testUser_BookConsultation_waiting_audio_lang_note" time="167.999" classname="Scenario_Component.Scenario_BookConsultation_Functionality"/>
  <testcase name="testUser_BookConsultation_waiting_video_allow_doctor_file" time="166.561" classname="Scenario_Component.Scenario_BookConsultation_Functionality"/>
  <testcase name="testUser_BookConsultation_waiting_audio_telephone_lang_file_note" time="173.544" classname="Scenario_Component.Scenario_BookConsultation_Functionality"/>
  <testcase name="testUser_BookConsultation_schedule_audio_telephone_lang_file_note" time="183.073" classname="Scenario_Component.Scenario_BookConsultation_Functionality"/>
  <testcase name="testUser_BookConsultation_schedule_telephone_audio_upload_notes" time="138.329" classname="Scenario_Component.Scenario_BookConsultation_Functionality"/>
  <testcase name="testUser_BookConsultation_waiting_video_lang_file" time="140.417" classname="Scenario_Component.Scenario_BookConsultation_Functionality"/>
  <testcase name="testUser_BookConsultation_schedule_telephone_audio_notes" time="130.409" classname="Scenario_Component.Scenario_BookConsultation_Functionality"/>
  <testcase name="testUser_BookConsultation_schedule_audio_telephone_lang_file" time="158.983" classname="Scenario_Component.Scenario_BookConsultation_Functionality"/>
  <testcase name="testUser_BookConsultation_schedule_telephone_audio_upload" time="123.301" classname="Scenario_Component.Scenario_BookConsultation_Functionality"/>
</testsuite> <!-- Scenario_Component.Scenario_BookConsultation_Functionality -->
